[     805ms] [WARNING] [2026-03-12T19:56:09.856Z]  @firebase/firestore: Firestore (12.10.0): enableIndexedDbPersistence() will be deprecated in the future, you can use `FirestoreSettings.cache` instead. @ http://localhost:8081/node_modules/expo-router/entry.bundle?platform=web&dev=true&hot=false&transform.routerRoot=app:176223
[     813ms] [WARNING] "shadow*" style props are deprecated. Use "boxShadow". @ http://localhost:8081/node_modules/expo-router/entry.bundle?platform=web&dev=true&hot=false&transform.routerRoot=app:10120
[     826ms] Error: Client Id property `webClientId` must be defined to use Google auth on this platform.
    at invariantClientId (http://localhost:8081/node_modules/expo-router/entry.bundle?platform=web&dev=true&hot=false&transform.routerRoot=app:71575:13)
    at http://localhost:8081/node_modules/expo-router/entry.bundle?platform=web&dev=true&hot=false&transform.routerRoot=app:71225:44
    at mountMemo (http://localhost:8081/node_modules/expo-router/entry.bundle?platform=web&dev=true&hot=false&transform.routerRoot=app:111302:25)
    at Object.useMemo (http://localhost:8081/node_modules/expo-router/entry.bundle?platform=web&dev=true&hot=false&transform.routerRoot=app:111687:22)
    at useMemo (http://localhost:8081/node_modules/expo-router/entry.bundle?platform=web&dev=true&hot=false&transform.routerRoot=app:95943:27)
    at useAuthRequest (http://localhost:8081/node_modules/expo-router/entry.bundle?platform=web&dev=true&hot=false&transform.routerRoot=app:71218:41)
    at useIdTokenAuthRequest (http://localhost:8081/node_modules/expo-router/entry.bundle?platform=web&dev=true&hot=false&transform.routerRoot=app:71199:12)
    at AuthProvider (http://localhost:8081/node_modules/expo-router/entry.bundle?platform=web&dev=true&hot=false&transform.routerRoot=app:69085:80)
    at renderWithHooks (http://localhost:8081/node_modules/expo-router/entry.bundle?platform=web&dev=true&hot=false&transform.routerRoot=app:110530:24)
    at mountIndeterminateComponent (http://localhost:8081/node_modules/expo-router/entry.bundle?platform=web&dev=true&hot=false&transform.routerRoot=app:114506:19)
[     829ms] Error: Client Id property `webClientId` must be defined to use Google auth on this platform.
    at invariantClientId (http://localhost:8081/node_modules/expo-router/entry.bundle?platform=web&dev=true&hot=false&transform.routerRoot=app:71575:13)
    at http://localhost:8081/node_modules/expo-router/entry.bundle?platform=web&dev=true&hot=false&transform.routerRoot=app:71225:44
    at mountMemo (http://localhost:8081/node_modules/expo-router/entry.bundle?platform=web&dev=true&hot=false&transform.routerRoot=app:111302:25)
    at Object.useMemo (http://localhost:8081/node_modules/expo-router/entry.bundle?platform=web&dev=true&hot=false&transform.routerRoot=app:111687:22)
    at useMemo (http://localhost:8081/node_modules/expo-router/entry.bundle?platform=web&dev=true&hot=false&transform.routerRoot=app:95943:27)
    at useAuthRequest (http://localhost:8081/node_modules/expo-router/entry.bundle?platform=web&dev=true&hot=false&transform.routerRoot=app:71218:41)
    at useIdTokenAuthRequest (http://localhost:8081/node_modules/expo-router/entry.bundle?platform=web&dev=true&hot=false&transform.routerRoot=app:71199:12)
    at AuthProvider (http://localhost:8081/node_modules/expo-router/entry.bundle?platform=web&dev=true&hot=false&transform.routerRoot=app:69085:80)
    at renderWithHooks (http://localhost:8081/node_modules/expo-router/entry.bundle?platform=web&dev=true&hot=false&transform.routerRoot=app:110530:24)
    at mountIndeterminateComponent (http://localhost:8081/node_modules/expo-router/entry.bundle?platform=web&dev=true&hot=false&transform.routerRoot=app:114506:19)
[     831ms] [ERROR] The above error occurred in the <AuthProvider> component:

    at AuthProvider (http://localhost:8081/node_modules/expo-router/entry.bundle?platform=web&dev=true&hot=false&transform.routerRoot=app:69074:5)
    at AppLayout
    at Suspense
    at Route (http://localhost:8081/node_modules/expo-router/entry.bundle?platform=web&dev=true&hot=false&transform.routerRoot=app:54040:5)
    at http://localhost:8081/node_modules/expo-router/entry.bundle?platform=web&dev=true&hot=false&transform.routerRoot=app:54409:11
    at div
    at http://localhost:8081/node_modules/expo-router/entry.bundle?platform=web&dev=true&hot=false&transform.routerRoot=app:10408:27
    at NativeSafeAreaProvider (http://localhost:8081/node_modules/expo-router/entry.bundle?platform=web&dev=true&hot=false&transform.routerRoot=app:128479:5)
    at SafeAreaProvider (http://localhost:8081/node_modules/expo-router/entry.bundle?platform=web&dev=true&hot=false&transform.routerRoot=app:128349:9)
    at wrapper (http://localhost:8081/node_modules/expo-router/entry.bundle?platform=web&dev=true&hot=false&transform.routerRoot=app:65839:7)
    at ThemeProvider (http://localhost:8081/node_modules/expo-router/entry.bundle?platform=web&dev=true&hot=false&transform.routerRoot=app:30921:5)
    at EnsureSingleNavigator (http://localhost:8081/node_modules/expo-router/entry.bundle?platform=web&dev=true&hot=false&transform.routerRoot=app:29628:5)
    at BaseNavigationContainer (http://localhost:8081/node_modules/expo-router/entry.bundle?platform=web&dev=true&hot=false&transform.routerRoot=app:28045:5)
    at NavigationContainerInner (http://localhost:8081/node_modules/expo-router/entry.bundle?platform=web&dev=true&hot=false&transform.routerRoot=app:66052:9)
    at ContextNavigator (http://localhost:8081/node_modules/expo-router/entry.bundle?platform=web&dev=true&hot=false&transform.routerRoot=app:65881:5)
    at ExpoRoot (http://localhost:8081/node_modules/expo-router/entry.bundle?platform=web&dev=true&hot=false&transform.routerRoot=app:65830:18)
    at _HelmetProvider (http://localhost:8081/node_modules/expo-router/entry.bundle?platform=web&dev=true&hot=false&transform.routerRoot=app:217787:7)
    at App
    at LogBoxStateSubscription (http://localhost:8081/node_modules/expo-router/entry.bundle?platform=web&dev=true&hot=false&transform.routerRoot=app:5068:9)
    at ErrorOverlay
    at withDevTools(ErrorOverlay)
    at AppContainer (http://localhost:8081/node_modules/expo-router/entry.bundle?platform=web&dev=true&hot=false&transform.routerRoot=app:39746:5)

React will try to recreate this component tree from scratch using the error boundary you provided, LogBoxStateSubscription. @ http://localhost:8081/node_modules/expo-router/entry.bundle?platform=web&dev=true&hot=false&transform.routerRoot=app:4712
[     834ms] [ERROR] Warning: Can't perform a React state update on a component that hasn't mounted yet. This indicates that you have a side-effect in your render function that asynchronously later calls tries to update the component. Move this work to useEffect instead.
    at LogBoxStateSubscription (http://localhost:8081/node_modules/expo-router/entry.bundle?platform=web&dev=true&hot=false&transform.routerRoot=app:5068:9)
    at ErrorOverlay
    at withDevTools(ErrorOverlay)
    at AppContainer (http://localhost:8081/node_modules/expo-router/entry.bundle?platform=web&dev=true&hot=false&transform.routerRoot=app:39746:5) @ http://localhost:8081/node_modules/expo-router/entry.bundle?platform=web&dev=true&hot=false&transform.routerRoot=app:4724
[     842ms] Error: Client Id property `webClientId` must be defined to use Google auth on this platform.
    at invariantClientId (http://localhost:8081/node_modules/expo-router/entry.bundle?platform=web&dev=true&hot=false&transform.routerRoot=app:71575:13)
    at http://localhost:8081/node_modules/expo-router/entry.bundle?platform=web&dev=true&hot=false&transform.routerRoot=app:71225:44
    at mountMemo (http://localhost:8081/node_modules/expo-router/entry.bundle?platform=web&dev=true&hot=false&transform.routerRoot=app:111302:25)
    at Object.useMemo (http://localhost:8081/node_modules/expo-router/entry.bundle?platform=web&dev=true&hot=false&transform.routerRoot=app:111687:22)
    at useMemo (http://localhost:8081/node_modules/expo-router/entry.bundle?platform=web&dev=true&hot=false&transform.routerRoot=app:95943:27)
    at useAuthRequest (http://localhost:8081/node_modules/expo-router/entry.bundle?platform=web&dev=true&hot=false&transform.routerRoot=app:71218:41)
    at useIdTokenAuthRequest (http://localhost:8081/node_modules/expo-router/entry.bundle?platform=web&dev=true&hot=false&transform.routerRoot=app:71199:12)
    at AuthProvider (http://localhost:8081/node_modules/expo-router/entry.bundle?platform=web&dev=true&hot=false&transform.routerRoot=app:69085:80)
    at renderWithHooks (http://localhost:8081/node_modules/expo-router/entry.bundle?platform=web&dev=true&hot=false&transform.routerRoot=app:110530:24)
    at mountIndeterminateComponent (http://localhost:8081/node_modules/expo-router/entry.bundle?platform=web&dev=true&hot=false&transform.routerRoot=app:114506:19)
    at beginWork (http://localhost:8081/node_modules/expo-router/entry.bundle?platform=web&dev=true&hot=false&transform.routerRoot=app:115809:22)
    at HTMLUnknownElement.callCallback (http://localhost:8081/node_modules/expo-router/entry.bundle?platform=web&dev=true&hot=false&transform.routerRoot=app:100786:20)
    at Object.invokeGuardedCallbackDev (http://localhost:8081/node_modules/expo-router/entry.bundle?platform=web&dev=true&hot=false&transform.routerRoot=app:100830:22)
    at invokeGuardedCallback (http://localhost:8081/node_modules/expo-router/entry.bundle?platform=web&dev=true&hot=false&transform.routerRoot=app:100887:37)
    at beginWork$1 (http://localhost:8081/node_modules/expo-router/entry.bundle?platform=web&dev=true&hot=false&transform.routerRoot=app:120790:13)
    at performUnitOfWork (http://localhost:8081/node_modules/expo-router/entry.bundle?platform=web&dev=true&hot=false&transform.routerRoot=app:120038:18)
    at workLoopSync (http://localhost:8081/node_modules/expo-router/entry.bundle?platform=web&dev=true&hot=false&transform.routerRoot=app:119961:11)
    at renderRootSync (http://localhost:8081/node_modules/expo-router/entry.bundle?platform=web&dev=true&hot=false&transform.routerRoot=app:119934:13)
    at performConcurrentWorkOnRoot (http://localhost:8081/node_modules/expo-router/entry.bundle?platform=web&dev=true&hot=false&transform.routerRoot=app:119329:80)
    at workLoop (http://localhost:8081/node_modules/expo-router/entry.bundle?platform=web&dev=true&hot=false&transform.routerRoot=app:123087:40)
    at flushWork (http://localhost:8081/node_modules/expo-router/entry.bundle?platform=web&dev=true&hot=false&transform.routerRoot=app:123065:20)
    at MessagePort.performWorkUntilDeadline (http://localhost:8081/node_modules/expo-router/entry.bundle?platform=web&dev=true&hot=false&transform.routerRoot=app:123302:27)
[     843ms] Error: Client Id property `webClientId` must be defined to use Google auth on this platform.
    at invariantClientId (http://localhost:8081/node_modules/expo-router/entry.bundle?platform=web&dev=true&hot=false&transform.routerRoot=app:71575:13)
    at http://localhost:8081/node_modules/expo-router/entry.bundle?platform=web&dev=true&hot=false&transform.routerRoot=app:71225:44
    at mountMemo (http://localhost:8081/node_modules/expo-router/entry.bundle?platform=web&dev=true&hot=false&transform.routerRoot=app:111302:25)
    at Object.useMemo (http://localhost:8081/node_modules/expo-router/entry.bundle?platform=web&dev=true&hot=false&transform.routerRoot=app:111687:22)
    at useMemo (http://localhost:8081/node_modules/expo-router/entry.bundle?platform=web&dev=true&hot=false&transform.routerRoot=app:95943:27)
    at useAuthRequest (http://localhost:8081/node_modules/expo-router/entry.bundle?platform=web&dev=true&hot=false&transform.routerRoot=app:71218:41)
    at useIdTokenAuthRequest (http://localhost:8081/node_modules/expo-router/entry.bundle?platform=web&dev=true&hot=false&transform.routerRoot=app:71199:12)
    at AuthProvider (http://localhost:8081/node_modules/expo-router/entry.bundle?platform=web&dev=true&hot=false&transform.routerRoot=app:69085:80)
    at renderWithHooks (http://localhost:8081/node_modules/expo-router/entry.bundle?platform=web&dev=true&hot=false&transform.routerRoot=app:110530:24)
    at mountIndeterminateComponent (http://localhost:8081/node_modules/expo-router/entry.bundle?platform=web&dev=true&hot=false&transform.routerRoot=app:114506:19)
    at beginWork (http://localhost:8081/node_modules/expo-router/entry.bundle?platform=web&dev=true&hot=false&transform.routerRoot=app:115809:22)
    at HTMLUnknownElement.callCallback (http://localhost:8081/node_modules/expo-router/entry.bundle?platform=web&dev=true&hot=false&transform.routerRoot=app:100786:20)
    at Object.invokeGuardedCallbackDev (http://localhost:8081/node_modules/expo-router/entry.bundle?platform=web&dev=true&hot=false&transform.routerRoot=app:100830:22)
    at invokeGuardedCallback (http://localhost:8081/node_modules/expo-router/entry.bundle?platform=web&dev=true&hot=false&transform.routerRoot=app:100887:37)
    at beginWork$1 (http://localhost:8081/node_modules/expo-router/entry.bundle?platform=web&dev=true&hot=false&transform.routerRoot=app:120790:13)
    at performUnitOfWork (http://localhost:8081/node_modules/expo-router/entry.bundle?platform=web&dev=true&hot=false&transform.routerRoot=app:120038:18)
    at workLoopSync (http://localhost:8081/node_modules/expo-router/entry.bundle?platform=web&dev=true&hot=false&transform.routerRoot=app:119961:11)
    at renderRootSync (http://localhost:8081/node_modules/expo-router/entry.bundle?platform=web&dev=true&hot=false&transform.routerRoot=app:119934:13)
    at recoverFromConcurrentError (http://localhost:8081/node_modules/expo-router/entry.bundle?platform=web&dev=true&hot=false&transform.routerRoot=app:119426:26)
    at performConcurrentWorkOnRoot (http://localhost:8081/node_modules/expo-router/entry.bundle?platform=web&dev=true&hot=false&transform.routerRoot=app:119339:28)
    at workLoop (http://localhost:8081/node_modules/expo-router/entry.bundle?platform=web&dev=true&hot=false&transform.routerRoot=app:123087:40)
    at flushWork (http://localhost:8081/node_modules/expo-router/entry.bundle?platform=web&dev=true&hot=false&transform.routerRoot=app:123065:20)
    at MessagePort.performWorkUntilDeadline (http://localhost:8081/node_modules/expo-router/entry.bundle?platform=web&dev=true&hot=false&transform.routerRoot=app:123302:27)
[     840ms] [ERROR] The above error occurred in the <AuthProvider> component:

    at AuthProvider (http://localhost:8081/node_modules/expo-router/entry.bundle?platform=web&dev=true&hot=false&transform.routerRoot=app:69074:5)
    at AppLayout
    at Suspense
    at Route (http://localhost:8081/node_modules/expo-router/entry.bundle?platform=web&dev=true&hot=false&transform.routerRoot=app:54040:5)
    at http://localhost:8081/node_modules/expo-router/entry.bundle?platform=web&dev=true&hot=false&transform.routerRoot=app:54409:11
    at div
    at http://localhost:8081/node_modules/expo-router/entry.bundle?platform=web&dev=true&hot=false&transform.routerRoot=app:10408:27
    at NativeSafeAreaProvider (http://localhost:8081/node_modules/expo-router/entry.bundle?platform=web&dev=true&hot=false&transform.routerRoot=app:128479:5)
    at SafeAreaProvider (http://localhost:8081/node_modules/expo-router/entry.bundle?platform=web&dev=true&hot=false&transform.routerRoot=app:128349:9)
    at wrapper (http://localhost:8081/node_modules/expo-router/entry.bundle?platform=web&dev=true&hot=false&transform.routerRoot=app:65839:7)
    at ThemeProvider (http://localhost:8081/node_modules/expo-router/entry.bundle?platform=web&dev=true&hot=false&transform.routerRoot=app:30921:5)
    at EnsureSingleNavigator (http://localhost:8081/node_modules/expo-router/entry.bundle?platform=web&dev=true&hot=false&transform.routerRoot=app:29628:5)
    at BaseNavigationContainer (http://localhost:8081/node_modules/expo-router/entry.bundle?platform=web&dev=true&hot=false&transform.routerRoot=app:28045:5)
    at NavigationContainerInner (http://localhost:8081/node_modules/expo-router/entry.bundle?platform=web&dev=true&hot=false&transform.routerRoot=app:66052:9)
    at ContextNavigator (http://localhost:8081/node_modules/expo-router/entry.bundle?platform=web&dev=true&hot=false&transform.routerRoot=app:65881:5)
    at ExpoRoot (http://localhost:8081/node_modules/expo-router/entry.bundle?platform=web&dev=true&hot=false&transform.routerRoot=app:65830:18)
    at _HelmetProvider (http://localhost:8081/node_modules/expo-router/entry.bundle?platform=web&dev=true&hot=false&transform.routerRoot=app:217787:7)
    at App
    at LogBoxStateSubscription (http://localhost:8081/node_modules/expo-router/entry.bundle?platform=web&dev=true&hot=false&transform.routerRoot=app:5068:9)
    at ErrorOverlay
    at withDevTools(ErrorOverlay)
    at AppContainer (http://localhost:8081/node_modules/expo-router/entry.bundle?platform=web&dev=true&hot=false&transform.routerRoot=app:39746:5)

React will try to recreate this component tree from scratch using the error boundary you provided, LogBoxStateSubscription. @ http://localhost:8081/node_modules/expo-router/entry.bundle?platform=web&dev=true&hot=false&transform.routerRoot=app:4712
[   17639ms] [WARNING] props.pointerEvents is deprecated. Use style.pointerEvents @ http://localhost:8081/node_modules/expo-router/entry.bundle?platform=web&dev=true&hot=false&transform.routerRoot=app:10120
